2025-03-20 23:08:41,745 [ 1] INFO  Unity: LoadingManager start
2025-03-20 23:08:44,814 [ 1] INFO  Unity: DataManager > DataManager()
2025-03-20 23:09:05,093 [ 1] INFO  Unity: UserLoginRequest::user :3meng psw:123123
2025-03-20 23:09:05,093 [ 1] INFO  Unity: ConnectToServer() Start 
2025-03-20 23:09:05,095 [ 1] INFO  Unity: DoConnect
2025-03-20 23:09:05,096 [ 1] INFO  Unity: NetClient.DoConnect on 127.0.0.1:8000
2025-03-20 23:09:05,096 [ 1] INFO  Unity: Connect[0] to server 127.0.0.1:8000

2025-03-20 23:09:05,102 [ 1] INFO  Unity: LoadingMesager::OnGameServerConnect :0 reason:Success
2025-03-20 23:09:07,799 [ 1] INFO  Unity: OnLogin:Success [None]
2025-03-20 23:09:07,799 [ 1] INFO  Unity: LoadLevel: CharSelect
2025-03-20 23:09:07,974 [ 1] INFO  Unity: LevelLoadCompleted:1
2025-03-20 23:09:09,115 [ 1] INFO  Unity: Select Char:[4]椎名林檎[Warrior]
2025-03-20 23:09:10,478 [ 1] INFO  Unity: Select Char:[5]大贝塔[Wizard]
2025-03-20 23:09:11,715 [ 1] INFO  Unity: UserGameEnterRequest::characterId :3
2025-03-20 23:09:11,746 [ 1] INFO  Unity: OnGameEnter:Success [None]
2025-03-20 23:09:11,779 [ 1] INFO  Unity: OnMapCharacterEnter:Map:1 Count:1
2025-03-20 23:09:11,780 [ 1] INFO  Unity: AddCharacter:5:大贝塔 Map:1 Entity:(0:pos:(5000,4000,820),dir:(100,0,0),spd:0
2025-03-20 23:09:11,782 [ 1] INFO  Unity: LoadLevel: MainCity
2025-03-20 23:09:12,198 [ 1] INFO  Unity: LevelLoadCompleted:1
2025-03-20 23:09:12,200 [ 1] FATAL Unity: <log4net.Error>Exception during StringFormat: Input string was not in a correct format. <format>{0
{1}</format><args>{NullReferenceException: Object reference not set to an instance of an object, UIMiniMap.InitMap ()
UIMiniMap.Start ()
}</args></log4net.Error>
2025-03-20 23:09:12,209 [ 1] FATAL Unity: <log4net.Error>Exception during StringFormat: Input string was not in a correct format. <format>{0
{1}</format><args>{KeyNotFoundException: The given key was not present in the dictionary., System.Collections.Generic.Dictionary`2[System.Int32,UnityEngine.GameObject].get_Item (Int32 key)
GameObjectManager.CreateCharacterObject (Entities.Character character)
GameObjectManager+<InitGameObjects>c__Iterator0.MoveNext ()
UnityEngine.SetupCoroutine.InvokeMoveNext (IEnumerator enumerator, IntPtr returnValueAddress)
UnityEngine.MonoBehaviour:StartCoroutine(IEnumerator)
GameObjectManager:OnStart()
MonoSingleton`1:Start()
}</args></log4net.Error>
2025-03-20 23:09:14,092 [ 1] INFO  Unity: MoveForward
2025-03-20 23:09:14,230 [ 1] INFO  Unity: SetPosition:(0, 52, 0)
2025-03-20 23:09:14,397 [ 1] INFO  Unity: SetPosition:(0, 103, 0)
2025-03-20 23:09:14,572 [ 1] INFO  Unity: SetPosition:(0, 155, 0)
2025-03-20 23:09:14,598 [ 1] INFO  Unity: SetDirection:(19, 98, 0)
2025-03-20 23:09:14,711 [ 1] INFO  Unity: SetDirection:(37, 93, 0)
2025-03-20 23:09:14,736 [ 1] INFO  Unity: SetPosition:(10, 206, 0)
2025-03-20 23:09:14,802 [ 1] INFO  Unity: SetDirection:(54, 84, 0)
2025-03-20 23:09:14,907 [ 1] INFO  Unity: SetPosition:(34, 251, 0)
2025-03-20 23:09:14,930 [ 1] INFO  Unity: SetDirection:(68, 73, 0)
2025-03-20 23:09:15,025 [ 1] INFO  Unity: Stop
2025-03-20 23:09:15,315 [ 1] INFO  Unity: SetDirection:(53, 85, 0)
2025-03-20 23:09:15,439 [ 1] INFO  Unity: MoveForward
2025-03-20 23:09:15,440 [ 1] INFO  Unity: SetDirection:(35, 94, 0)
2025-03-20 23:09:15,441 [ 1] INFO  Unity: SetPosition:(64, 293, 0)
2025-03-20 23:09:15,505 [ 1] INFO  Unity: SetDirection:(18, 98, 0)
2025-03-20 23:09:15,586 [ 1] INFO  Unity: SetDirection:(1, 100, 0)
2025-03-20 23:09:15,598 [ 1] INFO  Unity: SetPosition:(76, 343, 0)
2025-03-20 23:09:15,673 [ 1] INFO  Unity: SetDirection:(-17, 99, 0)
2025-03-20 23:09:15,770 [ 1] INFO  Unity: SetPosition:(71, 394, 0)
2025-03-20 23:09:15,932 [ 1] INFO  Unity: SetPosition:(62, 445, 0)
2025-03-20 23:09:16,069 [ 1] INFO  Unity: SetDirection:(1, 100, 0)
2025-03-20 23:09:16,121 [ 1] INFO  Unity: SetPosition:(55, 502, 0)
2025-03-20 23:09:16,171 [ 1] INFO  Unity: Stop
2025-03-20 23:09:16,400 [ 1] INFO  Unity: SetDirection:(-19, 98, 0)
2025-03-20 23:09:16,499 [ 1] INFO  Unity: SetDirection:(-38, 92, 0)
2025-03-20 23:09:16,533 [ 1] INFO  Unity: MoveBack
2025-03-20 23:09:16,592 [ 1] INFO  Unity: SetDirection:(-54, 84, 0)
2025-03-20 23:09:16,727 [ 1] INFO  Unity: SetDirection:(-70, 72, 0)
2025-03-20 23:09:16,734 [ 1] INFO  Unity: SetPosition:(90, 461, 0)
2025-03-20 23:09:16,933 [ 1] INFO  Unity: SetPosition:(127, 422, 0)
2025-03-20 23:09:17,108 [ 1] INFO  Unity: SetPosition:(165, 384, 0)
2025-03-20 23:09:17,134 [ 1] INFO  Unity: SetDirection:(-55, 84, 0)
2025-03-20 23:09:17,243 [ 1] INFO  Unity: SetDirection:(-39, 92, 0)
2025-03-20 23:09:17,290 [ 1] INFO  Unity: SetPosition:(192, 338, 0)
2025-03-20 23:09:17,309 [ 1] INFO  Unity: Stop
2025-03-20 23:09:17,627 [ 1] INFO  Unity: LoadLevel: CharSelect
2025-03-20 23:09:17,627 [ 1] INFO  Unity: UserGameLeaveRequest
2025-03-20 23:09:17,653 [ 1] ERROR Unity: OnMapCharacterLeave: CharID 5

2025-03-20 23:09:17,655 [ 1] INFO  Unity: RemoveCharacter:5
2025-03-20 23:09:17,655 [ 1] INFO  Unity: OnGameLeave:Success [None]
2025-03-20 23:09:17,709 [ 1] INFO  Unity: LevelLoadCompleted:1
2025-03-20 23:09:18,352 [ 1] INFO  Unity: SetDirection:(-18, 98, 0)
2025-03-20 23:09:18,797 [ 1] INFO  Unity: Select Char:[5]大贝塔[Wizard]
2025-03-20 23:09:19,431 [ 1] INFO  Unity: UserGameEnterRequest::characterId :3
2025-03-20 23:09:19,451 [ 1] INFO  Unity: OnGameEnter:Success [None]
2025-03-20 23:09:19,451 [ 1] INFO  Unity: OnMapCharacterEnter:Map:1 Count:1
2025-03-20 23:09:19,451 [ 1] INFO  Unity: AddCharacter:5:大贝塔 Map:1 Entity:(0:pos:(5000,4000,820),dir:(100,0,0),spd:0
2025-03-20 23:09:19,454 [ 1] ERROR Unity: Message handler exception:, Object reference not set to an instance of an object, Assembly-CSharp,   at GameObjectManager.CreateCharacterObject (Entities.Character character) [0x00000] in <filename unknown>:0 
  at GameObjectManager.OnCharacterEnter (Entities.Character cha) [0x00000] in <filename unknown>:0 
  at Managers.CharacterManager.AddCharacter (SkillBridge.Message.NCharacterInfo cha) [0x00000] in <filename unknown>:0 
  at Services.MapService.OnMapCharacterEnter (System.Object sender, SkillBridge.Message.MapCharacterEnterResponse response) [0x00000] in <filename unknown>:0 
  at Network.MessageDistributer`1[System.Object].RaiseEvent[MapCharacterEnterResponse] (System.Object sender, SkillBridge.Message.MapCharacterEnterResponse msg) [0x00000] in <filename unknown>:0 
2025-03-20 23:09:19,454 [ 1] FATAL Unity: <log4net.Error>Exception during StringFormat: Input string was not in a correct format. <format>{0
{1}</format><args>{NullReferenceException: Object reference not set to an instance of an object, GameObjectManager.CreateCharacterObject (Entities.Character character)
GameObjectManager.OnCharacterEnter (Entities.Character cha)
Managers.CharacterManager.AddCharacter (SkillBridge.Message.NCharacterInfo cha)
Services.MapService.OnMapCharacterEnter (System.Object sender, SkillBridge.Message.MapCharacterEnterResponse response)
Network.MessageDistributer`1[System.Object].RaiseEvent[MapCharacterEnterResponse] (System.Object sender, SkillBridge.Message.MapCharacterEnterResponse msg)
}</args></log4net.Error>
2025-03-20 23:09:19,464 [ 1] INFO  Unity: OnMapCharacterEnter:Map:1 Count:2
2025-03-20 23:09:19,464 [ 1] INFO  Unity: AddCharacter:5:大贝塔 Map:1 Entity:(0:pos:(5000,4000,820),dir:(100,0,0),spd:0
2025-03-20 23:09:19,465 [ 1] ERROR Unity: Message handler exception:, Object reference not set to an instance of an object, Assembly-CSharp,   at GameObjectManager.CreateCharacterObject (Entities.Character character) [0x00000] in <filename unknown>:0 
  at GameObjectManager.OnCharacterEnter (Entities.Character cha) [0x00000] in <filename unknown>:0 
  at Managers.CharacterManager.AddCharacter (SkillBridge.Message.NCharacterInfo cha) [0x00000] in <filename unknown>:0 
  at Services.MapService.OnMapCharacterEnter (System.Object sender, SkillBridge.Message.MapCharacterEnterResponse response) [0x00000] in <filename unknown>:0 
  at Network.MessageDistributer`1[System.Object].RaiseEvent[MapCharacterEnterResponse] (System.Object sender, SkillBridge.Message.MapCharacterEnterResponse msg) [0x00000] in <filename unknown>:0 
2025-03-20 23:09:19,465 [ 1] FATAL Unity: <log4net.Error>Exception during StringFormat: Input string was not in a correct format. <format>{0
{1}</format><args>{NullReferenceException: Object reference not set to an instance of an object, GameObjectManager.CreateCharacterObject (Entities.Character character)
GameObjectManager.OnCharacterEnter (Entities.Character cha)
Managers.CharacterManager.AddCharacter (SkillBridge.Message.NCharacterInfo cha)
Services.MapService.OnMapCharacterEnter (System.Object sender, SkillBridge.Message.MapCharacterEnterResponse response)
Network.MessageDistributer`1[System.Object].RaiseEvent[MapCharacterEnterResponse] (System.Object sender, SkillBridge.Message.MapCharacterEnterResponse msg)
}</args></log4net.Error>
2025-03-20 23:09:19,785 [ 1] INFO  Unity: UserGameEnterRequest::characterId :3
2025-03-20 23:09:19,808 [ 1] INFO  Unity: OnGameEnter:Success [None]
2025-03-20 23:09:19,808 [ 1] INFO  Unity: OnMapCharacterEnter:Map:1 Count:1
2025-03-20 23:09:19,808 [ 1] INFO  Unity: AddCharacter:5:大贝塔 Map:1 Entity:(0:pos:(5000,4000,820),dir:(100,0,0),spd:0
2025-03-20 23:09:19,808 [ 1] ERROR Unity: Message handler exception:, Object reference not set to an instance of an object, Assembly-CSharp,   at GameObjectManager.CreateCharacterObject (Entities.Character character) [0x00000] in <filename unknown>:0 
  at GameObjectManager.OnCharacterEnter (Entities.Character cha) [0x00000] in <filename unknown>:0 
  at Managers.CharacterManager.AddCharacter (SkillBridge.Message.NCharacterInfo cha) [0x00000] in <filename unknown>:0 
  at Services.MapService.OnMapCharacterEnter (System.Object sender, SkillBridge.Message.MapCharacterEnterResponse response) [0x00000] in <filename unknown>:0 
  at Network.MessageDistributer`1[System.Object].RaiseEvent[MapCharacterEnterResponse] (System.Object sender, SkillBridge.Message.MapCharacterEnterResponse msg) [0x00000] in <filename unknown>:0 
2025-03-20 23:09:19,809 [ 1] FATAL Unity: <log4net.Error>Exception during StringFormat: Input string was not in a correct format. <format>{0
{1}</format><args>{NullReferenceException: Object reference not set to an instance of an object, GameObjectManager.CreateCharacterObject (Entities.Character character)
GameObjectManager.OnCharacterEnter (Entities.Character cha)
Managers.CharacterManager.AddCharacter (SkillBridge.Message.NCharacterInfo cha)
Services.MapService.OnMapCharacterEnter (System.Object sender, SkillBridge.Message.MapCharacterEnterResponse response)
Network.MessageDistributer`1[System.Object].RaiseEvent[MapCharacterEnterResponse] (System.Object sender, SkillBridge.Message.MapCharacterEnterResponse msg)
}</args></log4net.Error>
2025-03-20 23:09:19,823 [ 1] INFO  Unity: OnMapCharacterEnter:Map:1 Count:2
2025-03-20 23:09:19,823 [ 1] INFO  Unity: AddCharacter:5:大贝塔 Map:1 Entity:(0:pos:(5000,4000,820),dir:(100,0,0),spd:0
2025-03-20 23:09:19,824 [ 1] ERROR Unity: Message handler exception:, Object reference not set to an instance of an object, Assembly-CSharp,   at GameObjectManager.CreateCharacterObject (Entities.Character character) [0x00000] in <filename unknown>:0 
  at GameObjectManager.OnCharacterEnter (Entities.Character cha) [0x00000] in <filename unknown>:0 
  at Managers.CharacterManager.AddCharacter (SkillBridge.Message.NCharacterInfo cha) [0x00000] in <filename unknown>:0 
  at Services.MapService.OnMapCharacterEnter (System.Object sender, SkillBridge.Message.MapCharacterEnterResponse response) [0x00000] in <filename unknown>:0 
  at Network.MessageDistributer`1[System.Object].RaiseEvent[MapCharacterEnterResponse] (System.Object sender, SkillBridge.Message.MapCharacterEnterResponse msg) [0x00000] in <filename unknown>:0 
2025-03-20 23:09:19,824 [ 1] FATAL Unity: <log4net.Error>Exception during StringFormat: Input string was not in a correct format. <format>{0
{1}</format><args>{NullReferenceException: Object reference not set to an instance of an object, GameObjectManager.CreateCharacterObject (Entities.Character character)
GameObjectManager.OnCharacterEnter (Entities.Character cha)
Managers.CharacterManager.AddCharacter (SkillBridge.Message.NCharacterInfo cha)
Services.MapService.OnMapCharacterEnter (System.Object sender, SkillBridge.Message.MapCharacterEnterResponse response)
Network.MessageDistributer`1[System.Object].RaiseEvent[MapCharacterEnterResponse] (System.Object sender, SkillBridge.Message.MapCharacterEnterResponse msg)
}</args></log4net.Error>
2025-03-20 23:09:20,103 [ 1] INFO  Unity: UserGameEnterRequest::characterId :3
2025-03-20 23:09:20,121 [ 1] INFO  Unity: OnGameEnter:Success [None]
2025-03-20 23:09:20,121 [ 1] INFO  Unity: OnMapCharacterEnter:Map:1 Count:1
2025-03-20 23:09:20,121 [ 1] INFO  Unity: AddCharacter:5:大贝塔 Map:1 Entity:(0:pos:(5000,4000,820),dir:(100,0,0),spd:0
2025-03-20 23:09:20,122 [ 1] ERROR Unity: Message handler exception:, Object reference not set to an instance of an object, Assembly-CSharp,   at GameObjectManager.CreateCharacterObject (Entities.Character character) [0x00000] in <filename unknown>:0 
  at GameObjectManager.OnCharacterEnter (Entities.Character cha) [0x00000] in <filename unknown>:0 
  at Managers.CharacterManager.AddCharacter (SkillBridge.Message.NCharacterInfo cha) [0x00000] in <filename unknown>:0 
  at Services.MapService.OnMapCharacterEnter (System.Object sender, SkillBridge.Message.MapCharacterEnterResponse response) [0x00000] in <filename unknown>:0 
  at Network.MessageDistributer`1[System.Object].RaiseEvent[MapCharacterEnterResponse] (System.Object sender, SkillBridge.Message.MapCharacterEnterResponse msg) [0x00000] in <filename unknown>:0 
2025-03-20 23:09:20,122 [ 1] FATAL Unity: <log4net.Error>Exception during StringFormat: Input string was not in a correct format. <format>{0
{1}</format><args>{NullReferenceException: Object reference not set to an instance of an object, GameObjectManager.CreateCharacterObject (Entities.Character character)
GameObjectManager.OnCharacterEnter (Entities.Character cha)
Managers.CharacterManager.AddCharacter (SkillBridge.Message.NCharacterInfo cha)
Services.MapService.OnMapCharacterEnter (System.Object sender, SkillBridge.Message.MapCharacterEnterResponse response)
Network.MessageDistributer`1[System.Object].RaiseEvent[MapCharacterEnterResponse] (System.Object sender, SkillBridge.Message.MapCharacterEnterResponse msg)
}</args></log4net.Error>
2025-03-20 23:09:20,137 [ 1] INFO  Unity: OnMapCharacterEnter:Map:1 Count:2
2025-03-20 23:09:20,137 [ 1] INFO  Unity: AddCharacter:5:大贝塔 Map:1 Entity:(0:pos:(5000,4000,820),dir:(100,0,0),spd:0
2025-03-20 23:09:20,138 [ 1] ERROR Unity: Message handler exception:, Object reference not set to an instance of an object, Assembly-CSharp,   at GameObjectManager.CreateCharacterObject (Entities.Character character) [0x00000] in <filename unknown>:0 
  at GameObjectManager.OnCharacterEnter (Entities.Character cha) [0x00000] in <filename unknown>:0 
  at Managers.CharacterManager.AddCharacter (SkillBridge.Message.NCharacterInfo cha) [0x00000] in <filename unknown>:0 
  at Services.MapService.OnMapCharacterEnter (System.Object sender, SkillBridge.Message.MapCharacterEnterResponse response) [0x00000] in <filename unknown>:0 
  at Network.MessageDistributer`1[System.Object].RaiseEvent[MapCharacterEnterResponse] (System.Object sender, SkillBridge.Message.MapCharacterEnterResponse msg) [0x00000] in <filename unknown>:0 
2025-03-20 23:09:20,138 [ 1] FATAL Unity: <log4net.Error>Exception during StringFormat: Input string was not in a correct format. <format>{0
{1}</format><args>{NullReferenceException: Object reference not set to an instance of an object, GameObjectManager.CreateCharacterObject (Entities.Character character)
GameObjectManager.OnCharacterEnter (Entities.Character cha)
Managers.CharacterManager.AddCharacter (SkillBridge.Message.NCharacterInfo cha)
Services.MapService.OnMapCharacterEnter (System.Object sender, SkillBridge.Message.MapCharacterEnterResponse response)
Network.MessageDistributer`1[System.Object].RaiseEvent[MapCharacterEnterResponse] (System.Object sender, SkillBridge.Message.MapCharacterEnterResponse msg)
}</args></log4net.Error>
2025-03-20 23:09:20,317 [ 1] INFO  Unity: UserGameEnterRequest::characterId :3
2025-03-20 23:09:20,341 [ 1] INFO  Unity: OnGameEnter:Success [None]
2025-03-20 23:09:20,341 [ 1] INFO  Unity: OnMapCharacterEnter:Map:1 Count:1
2025-03-20 23:09:20,341 [ 1] INFO  Unity: AddCharacter:5:大贝塔 Map:1 Entity:(0:pos:(5000,4000,820),dir:(100,0,0),spd:0
2025-03-20 23:09:20,341 [ 1] ERROR Unity: Message handler exception:, Object reference not set to an instance of an object, Assembly-CSharp,   at GameObjectManager.CreateCharacterObject (Entities.Character character) [0x00000] in <filename unknown>:0 
  at GameObjectManager.OnCharacterEnter (Entities.Character cha) [0x00000] in <filename unknown>:0 
  at Managers.CharacterManager.AddCharacter (SkillBridge.Message.NCharacterInfo cha) [0x00000] in <filename unknown>:0 
  at Services.MapService.OnMapCharacterEnter (System.Object sender, SkillBridge.Message.MapCharacterEnterResponse response) [0x00000] in <filename unknown>:0 
  at Network.MessageDistributer`1[System.Object].RaiseEvent[MapCharacterEnterResponse] (System.Object sender, SkillBridge.Message.MapCharacterEnterResponse msg) [0x00000] in <filename unknown>:0 
2025-03-20 23:09:20,342 [ 1] FATAL Unity: <log4net.Error>Exception during StringFormat: Input string was not in a correct format. <format>{0
{1}</format><args>{NullReferenceException: Object reference not set to an instance of an object, GameObjectManager.CreateCharacterObject (Entities.Character character)
GameObjectManager.OnCharacterEnter (Entities.Character cha)
Managers.CharacterManager.AddCharacter (SkillBridge.Message.NCharacterInfo cha)
Services.MapService.OnMapCharacterEnter (System.Object sender, SkillBridge.Message.MapCharacterEnterResponse response)
Network.MessageDistributer`1[System.Object].RaiseEvent[MapCharacterEnterResponse] (System.Object sender, SkillBridge.Message.MapCharacterEnterResponse msg)
}</args></log4net.Error>
2025-03-20 23:09:20,354 [ 1] INFO  Unity: OnMapCharacterEnter:Map:1 Count:2
2025-03-20 23:09:20,354 [ 1] INFO  Unity: AddCharacter:5:大贝塔 Map:1 Entity:(0:pos:(5000,4000,820),dir:(100,0,0),spd:0
2025-03-20 23:09:20,356 [ 1] ERROR Unity: Message handler exception:, Object reference not set to an instance of an object, Assembly-CSharp,   at GameObjectManager.CreateCharacterObject (Entities.Character character) [0x00000] in <filename unknown>:0 
  at GameObjectManager.OnCharacterEnter (Entities.Character cha) [0x00000] in <filename unknown>:0 
  at Managers.CharacterManager.AddCharacter (SkillBridge.Message.NCharacterInfo cha) [0x00000] in <filename unknown>:0 
  at Services.MapService.OnMapCharacterEnter (System.Object sender, SkillBridge.Message.MapCharacterEnterResponse response) [0x00000] in <filename unknown>:0 
  at Network.MessageDistributer`1[System.Object].RaiseEvent[MapCharacterEnterResponse] (System.Object sender, SkillBridge.Message.MapCharacterEnterResponse msg) [0x00000] in <filename unknown>:0 
2025-03-20 23:09:20,356 [ 1] FATAL Unity: <log4net.Error>Exception during StringFormat: Input string was not in a correct format. <format>{0
{1}</format><args>{NullReferenceException: Object reference not set to an instance of an object, GameObjectManager.CreateCharacterObject (Entities.Character character)
GameObjectManager.OnCharacterEnter (Entities.Character cha)
Managers.CharacterManager.AddCharacter (SkillBridge.Message.NCharacterInfo cha)
Services.MapService.OnMapCharacterEnter (System.Object sender, SkillBridge.Message.MapCharacterEnterResponse response)
Network.MessageDistributer`1[System.Object].RaiseEvent[MapCharacterEnterResponse] (System.Object sender, SkillBridge.Message.MapCharacterEnterResponse msg)
}</args></log4net.Error>
2025-03-20 23:09:20,508 [ 1] INFO  Unity: UserGameEnterRequest::characterId :3
2025-03-20 23:09:20,538 [ 1] INFO  Unity: OnGameEnter:Success [None]
2025-03-20 23:09:20,538 [ 1] INFO  Unity: OnMapCharacterEnter:Map:1 Count:1
2025-03-20 23:09:20,538 [ 1] INFO  Unity: AddCharacter:5:大贝塔 Map:1 Entity:(0:pos:(5000,4000,820),dir:(100,0,0),spd:0
2025-03-20 23:09:20,539 [ 1] ERROR Unity: Message handler exception:, Object reference not set to an instance of an object, Assembly-CSharp,   at GameObjectManager.CreateCharacterObject (Entities.Character character) [0x00000] in <filename unknown>:0 
  at GameObjectManager.OnCharacterEnter (Entities.Character cha) [0x00000] in <filename unknown>:0 
  at Managers.CharacterManager.AddCharacter (SkillBridge.Message.NCharacterInfo cha) [0x00000] in <filename unknown>:0 
  at Services.MapService.OnMapCharacterEnter (System.Object sender, SkillBridge.Message.MapCharacterEnterResponse response) [0x00000] in <filename unknown>:0 
  at Network.MessageDistributer`1[System.Object].RaiseEvent[MapCharacterEnterResponse] (System.Object sender, SkillBridge.Message.MapCharacterEnterResponse msg) [0x00000] in <filename unknown>:0 
2025-03-20 23:09:20,539 [ 1] FATAL Unity: <log4net.Error>Exception during StringFormat: Input string was not in a correct format. <format>{0
{1}</format><args>{NullReferenceException: Object reference not set to an instance of an object, GameObjectManager.CreateCharacterObject (Entities.Character character)
GameObjectManager.OnCharacterEnter (Entities.Character cha)
Managers.CharacterManager.AddCharacter (SkillBridge.Message.NCharacterInfo cha)
Services.MapService.OnMapCharacterEnter (System.Object sender, SkillBridge.Message.MapCharacterEnterResponse response)
Network.MessageDistributer`1[System.Object].RaiseEvent[MapCharacterEnterResponse] (System.Object sender, SkillBridge.Message.MapCharacterEnterResponse msg)
}</args></log4net.Error>
2025-03-20 23:09:20,549 [ 1] INFO  Unity: OnMapCharacterEnter:Map:1 Count:2
2025-03-20 23:09:20,549 [ 1] INFO  Unity: AddCharacter:5:大贝塔 Map:1 Entity:(0:pos:(5000,4000,820),dir:(100,0,0),spd:0
2025-03-20 23:09:20,551 [ 1] ERROR Unity: Message handler exception:, Object reference not set to an instance of an object, Assembly-CSharp,   at GameObjectManager.CreateCharacterObject (Entities.Character character) [0x00000] in <filename unknown>:0 
  at GameObjectManager.OnCharacterEnter (Entities.Character cha) [0x00000] in <filename unknown>:0 
  at Managers.CharacterManager.AddCharacter (SkillBridge.Message.NCharacterInfo cha) [0x00000] in <filename unknown>:0 
  at Services.MapService.OnMapCharacterEnter (System.Object sender, SkillBridge.Message.MapCharacterEnterResponse response) [0x00000] in <filename unknown>:0 
  at Network.MessageDistributer`1[System.Object].RaiseEvent[MapCharacterEnterResponse] (System.Object sender, SkillBridge.Message.MapCharacterEnterResponse msg) [0x00000] in <filename unknown>:0 
2025-03-20 23:09:20,551 [ 1] FATAL Unity: <log4net.Error>Exception during StringFormat: Input string was not in a correct format. <format>{0
{1}</format><args>{NullReferenceException: Object reference not set to an instance of an object, GameObjectManager.CreateCharacterObject (Entities.Character character)
GameObjectManager.OnCharacterEnter (Entities.Character cha)
Managers.CharacterManager.AddCharacter (SkillBridge.Message.NCharacterInfo cha)
Services.MapService.OnMapCharacterEnter (System.Object sender, SkillBridge.Message.MapCharacterEnterResponse response)
Network.MessageDistributer`1[System.Object].RaiseEvent[MapCharacterEnterResponse] (System.Object sender, SkillBridge.Message.MapCharacterEnterResponse msg)
}</args></log4net.Error>
2025-03-20 23:09:20,715 [ 1] INFO  Unity: UserGameEnterRequest::characterId :3
2025-03-20 23:09:20,743 [ 1] INFO  Unity: OnGameEnter:Success [None]
2025-03-20 23:09:20,743 [ 1] INFO  Unity: OnMapCharacterEnter:Map:1 Count:1
2025-03-20 23:09:20,743 [ 1] INFO  Unity: AddCharacter:5:大贝塔 Map:1 Entity:(0:pos:(5000,4000,820),dir:(100,0,0),spd:0
2025-03-20 23:09:20,743 [ 1] ERROR Unity: Message handler exception:, Object reference not set to an instance of an object, Assembly-CSharp,   at GameObjectManager.CreateCharacterObject (Entities.Character character) [0x00000] in <filename unknown>:0 
  at GameObjectManager.OnCharacterEnter (Entities.Character cha) [0x00000] in <filename unknown>:0 
  at Managers.CharacterManager.AddCharacter (SkillBridge.Message.NCharacterInfo cha) [0x00000] in <filename unknown>:0 
  at Services.MapService.OnMapCharacterEnter (System.Object sender, SkillBridge.Message.MapCharacterEnterResponse response) [0x00000] in <filename unknown>:0 
  at Network.MessageDistributer`1[System.Object].RaiseEvent[MapCharacterEnterResponse] (System.Object sender, SkillBridge.Message.MapCharacterEnterResponse msg) [0x00000] in <filename unknown>:0 
2025-03-20 23:09:20,744 [ 1] FATAL Unity: <log4net.Error>Exception during StringFormat: Input string was not in a correct format. <format>{0
{1}</format><args>{NullReferenceException: Object reference not set to an instance of an object, GameObjectManager.CreateCharacterObject (Entities.Character character)
GameObjectManager.OnCharacterEnter (Entities.Character cha)
Managers.CharacterManager.AddCharacter (SkillBridge.Message.NCharacterInfo cha)
Services.MapService.OnMapCharacterEnter (System.Object sender, SkillBridge.Message.MapCharacterEnterResponse response)
Network.MessageDistributer`1[System.Object].RaiseEvent[MapCharacterEnterResponse] (System.Object sender, SkillBridge.Message.MapCharacterEnterResponse msg)
}</args></log4net.Error>
2025-03-20 23:09:20,757 [ 1] INFO  Unity: OnMapCharacterEnter:Map:1 Count:2
2025-03-20 23:09:20,757 [ 1] INFO  Unity: AddCharacter:5:大贝塔 Map:1 Entity:(0:pos:(5000,4000,820),dir:(100,0,0),spd:0
2025-03-20 23:09:20,759 [ 1] ERROR Unity: Message handler exception:, Object reference not set to an instance of an object, Assembly-CSharp,   at GameObjectManager.CreateCharacterObject (Entities.Character character) [0x00000] in <filename unknown>:0 
  at GameObjectManager.OnCharacterEnter (Entities.Character cha) [0x00000] in <filename unknown>:0 
  at Managers.CharacterManager.AddCharacter (SkillBridge.Message.NCharacterInfo cha) [0x00000] in <filename unknown>:0 
  at Services.MapService.OnMapCharacterEnter (System.Object sender, SkillBridge.Message.MapCharacterEnterResponse response) [0x00000] in <filename unknown>:0 
  at Network.MessageDistributer`1[System.Object].RaiseEvent[MapCharacterEnterResponse] (System.Object sender, SkillBridge.Message.MapCharacterEnterResponse msg) [0x00000] in <filename unknown>:0 
2025-03-20 23:09:20,759 [ 1] FATAL Unity: <log4net.Error>Exception during StringFormat: Input string was not in a correct format. <format>{0
{1}</format><args>{NullReferenceException: Object reference not set to an instance of an object, GameObjectManager.CreateCharacterObject (Entities.Character character)
GameObjectManager.OnCharacterEnter (Entities.Character cha)
Managers.CharacterManager.AddCharacter (SkillBridge.Message.NCharacterInfo cha)
Services.MapService.OnMapCharacterEnter (System.Object sender, SkillBridge.Message.MapCharacterEnterResponse response)
Network.MessageDistributer`1[System.Object].RaiseEvent[MapCharacterEnterResponse] (System.Object sender, SkillBridge.Message.MapCharacterEnterResponse msg)
}</args></log4net.Error>
2025-03-20 23:09:20,957 [ 1] INFO  Unity: UserGameEnterRequest::characterId :3
2025-03-20 23:09:20,979 [ 1] INFO  Unity: OnGameEnter:Success [None]
2025-03-20 23:09:20,979 [ 1] INFO  Unity: OnMapCharacterEnter:Map:1 Count:1
2025-03-20 23:09:20,979 [ 1] INFO  Unity: AddCharacter:5:大贝塔 Map:1 Entity:(0:pos:(5000,4000,820),dir:(100,0,0),spd:0
2025-03-20 23:09:20,979 [ 1] ERROR Unity: Message handler exception:, Object reference not set to an instance of an object, Assembly-CSharp,   at GameObjectManager.CreateCharacterObject (Entities.Character character) [0x00000] in <filename unknown>:0 
  at GameObjectManager.OnCharacterEnter (Entities.Character cha) [0x00000] in <filename unknown>:0 
  at Managers.CharacterManager.AddCharacter (SkillBridge.Message.NCharacterInfo cha) [0x00000] in <filename unknown>:0 
  at Services.MapService.OnMapCharacterEnter (System.Object sender, SkillBridge.Message.MapCharacterEnterResponse response) [0x00000] in <filename unknown>:0 
  at Network.MessageDistributer`1[System.Object].RaiseEvent[MapCharacterEnterResponse] (System.Object sender, SkillBridge.Message.MapCharacterEnterResponse msg) [0x00000] in <filename unknown>:0 
2025-03-20 23:09:20,980 [ 1] FATAL Unity: <log4net.Error>Exception during StringFormat: Input string was not in a correct format. <format>{0
{1}</format><args>{NullReferenceException: Object reference not set to an instance of an object, GameObjectManager.CreateCharacterObject (Entities.Character character)
GameObjectManager.OnCharacterEnter (Entities.Character cha)
Managers.CharacterManager.AddCharacter (SkillBridge.Message.NCharacterInfo cha)
Services.MapService.OnMapCharacterEnter (System.Object sender, SkillBridge.Message.MapCharacterEnterResponse response)
Network.MessageDistributer`1[System.Object].RaiseEvent[MapCharacterEnterResponse] (System.Object sender, SkillBridge.Message.MapCharacterEnterResponse msg)
}</args></log4net.Error>
2025-03-20 23:09:20,993 [ 1] INFO  Unity: OnMapCharacterEnter:Map:1 Count:2
2025-03-20 23:09:20,993 [ 1] INFO  Unity: AddCharacter:5:大贝塔 Map:1 Entity:(0:pos:(5000,4000,820),dir:(100,0,0),spd:0
2025-03-20 23:09:20,994 [ 1] ERROR Unity: Message handler exception:, Object reference not set to an instance of an object, Assembly-CSharp,   at GameObjectManager.CreateCharacterObject (Entities.Character character) [0x00000] in <filename unknown>:0 
  at GameObjectManager.OnCharacterEnter (Entities.Character cha) [0x00000] in <filename unknown>:0 
  at Managers.CharacterManager.AddCharacter (SkillBridge.Message.NCharacterInfo cha) [0x00000] in <filename unknown>:0 
  at Services.MapService.OnMapCharacterEnter (System.Object sender, SkillBridge.Message.MapCharacterEnterResponse response) [0x00000] in <filename unknown>:0 
  at Network.MessageDistributer`1[System.Object].RaiseEvent[MapCharacterEnterResponse] (System.Object sender, SkillBridge.Message.MapCharacterEnterResponse msg) [0x00000] in <filename unknown>:0 
2025-03-20 23:09:20,994 [ 1] FATAL Unity: <log4net.Error>Exception during StringFormat: Input string was not in a correct format. <format>{0
{1}</format><args>{NullReferenceException: Object reference not set to an instance of an object, GameObjectManager.CreateCharacterObject (Entities.Character character)
GameObjectManager.OnCharacterEnter (Entities.Character cha)
Managers.CharacterManager.AddCharacter (SkillBridge.Message.NCharacterInfo cha)
Services.MapService.OnMapCharacterEnter (System.Object sender, SkillBridge.Message.MapCharacterEnterResponse response)
Network.MessageDistributer`1[System.Object].RaiseEvent[MapCharacterEnterResponse] (System.Object sender, SkillBridge.Message.MapCharacterEnterResponse msg)
}</args></log4net.Error>
2025-03-20 23:09:21,142 [ 1] INFO  Unity: UserGameEnterRequest::characterId :3
2025-03-20 23:09:21,177 [ 1] INFO  Unity: OnGameEnter:Success [None]
2025-03-20 23:09:21,179 [ 1] INFO  Unity: OnMapCharacterEnter:Map:1 Count:1
2025-03-20 23:09:21,179 [ 1] INFO  Unity: AddCharacter:5:大贝塔 Map:1 Entity:(0:pos:(5000,4000,820),dir:(100,0,0),spd:0
2025-03-20 23:09:21,180 [ 1] ERROR Unity: Message handler exception:, Object reference not set to an instance of an object, Assembly-CSharp,   at GameObjectManager.CreateCharacterObject (Entities.Character character) [0x00000] in <filename unknown>:0 
  at GameObjectManager.OnCharacterEnter (Entities.Character cha) [0x00000] in <filename unknown>:0 
  at Managers.CharacterManager.AddCharacter (SkillBridge.Message.NCharacterInfo cha) [0x00000] in <filename unknown>:0 
  at Services.MapService.OnMapCharacterEnter (System.Object sender, SkillBridge.Message.MapCharacterEnterResponse response) [0x00000] in <filename unknown>:0 
  at Network.MessageDistributer`1[System.Object].RaiseEvent[MapCharacterEnterResponse] (System.Object sender, SkillBridge.Message.MapCharacterEnterResponse msg) [0x00000] in <filename unknown>:0 
2025-03-20 23:09:21,181 [ 1] FATAL Unity: <log4net.Error>Exception during StringFormat: Input string was not in a correct format. <format>{0
{1}</format><args>{NullReferenceException: Object reference not set to an instance of an object, GameObjectManager.CreateCharacterObject (Entities.Character character)
GameObjectManager.OnCharacterEnter (Entities.Character cha)
Managers.CharacterManager.AddCharacter (SkillBridge.Message.NCharacterInfo cha)
Services.MapService.OnMapCharacterEnter (System.Object sender, SkillBridge.Message.MapCharacterEnterResponse response)
Network.MessageDistributer`1[System.Object].RaiseEvent[MapCharacterEnterResponse] (System.Object sender, SkillBridge.Message.MapCharacterEnterResponse msg)
}</args></log4net.Error>
2025-03-20 23:09:21,194 [ 1] INFO  Unity: OnMapCharacterEnter:Map:1 Count:2
2025-03-20 23:09:21,194 [ 1] INFO  Unity: AddCharacter:5:大贝塔 Map:1 Entity:(0:pos:(5000,4000,820),dir:(100,0,0),spd:0
2025-03-20 23:09:21,196 [ 1] ERROR Unity: Message handler exception:, Object reference not set to an instance of an object, Assembly-CSharp,   at GameObjectManager.CreateCharacterObject (Entities.Character character) [0x00000] in <filename unknown>:0 
  at GameObjectManager.OnCharacterEnter (Entities.Character cha) [0x00000] in <filename unknown>:0 
  at Managers.CharacterManager.AddCharacter (SkillBridge.Message.NCharacterInfo cha) [0x00000] in <filename unknown>:0 
  at Services.MapService.OnMapCharacterEnter (System.Object sender, SkillBridge.Message.MapCharacterEnterResponse response) [0x00000] in <filename unknown>:0 
  at Network.MessageDistributer`1[System.Object].RaiseEvent[MapCharacterEnterResponse] (System.Object sender, SkillBridge.Message.MapCharacterEnterResponse msg) [0x00000] in <filename unknown>:0 
2025-03-20 23:09:21,196 [ 1] FATAL Unity: <log4net.Error>Exception during StringFormat: Input string was not in a correct format. <format>{0
{1}</format><args>{NullReferenceException: Object reference not set to an instance of an object, GameObjectManager.CreateCharacterObject (Entities.Character character)
GameObjectManager.OnCharacterEnter (Entities.Character cha)
Managers.CharacterManager.AddCharacter (SkillBridge.Message.NCharacterInfo cha)
Services.MapService.OnMapCharacterEnter (System.Object sender, SkillBridge.Message.MapCharacterEnterResponse response)
Network.MessageDistributer`1[System.Object].RaiseEvent[MapCharacterEnterResponse] (System.Object sender, SkillBridge.Message.MapCharacterEnterResponse msg)
}</args></log4net.Error>
2025-03-20 23:09:21,360 [ 1] INFO  Unity: UserGameEnterRequest::characterId :3
2025-03-20 23:09:21,383 [ 1] INFO  Unity: OnGameEnter:Success [None]
2025-03-20 23:09:21,383 [ 1] INFO  Unity: OnMapCharacterEnter:Map:1 Count:1
2025-03-20 23:09:21,383 [ 1] INFO  Unity: AddCharacter:5:大贝塔 Map:1 Entity:(0:pos:(5000,4000,820),dir:(100,0,0),spd:0
2025-03-20 23:09:21,385 [ 1] ERROR Unity: Message handler exception:, Object reference not set to an instance of an object, Assembly-CSharp,   at GameObjectManager.CreateCharacterObject (Entities.Character character) [0x00000] in <filename unknown>:0 
  at GameObjectManager.OnCharacterEnter (Entities.Character cha) [0x00000] in <filename unknown>:0 
  at Managers.CharacterManager.AddCharacter (SkillBridge.Message.NCharacterInfo cha) [0x00000] in <filename unknown>:0 
  at Services.MapService.OnMapCharacterEnter (System.Object sender, SkillBridge.Message.MapCharacterEnterResponse response) [0x00000] in <filename unknown>:0 
  at Network.MessageDistributer`1[System.Object].RaiseEvent[MapCharacterEnterResponse] (System.Object sender, SkillBridge.Message.MapCharacterEnterResponse msg) [0x00000] in <filename unknown>:0 
2025-03-20 23:09:21,385 [ 1] FATAL Unity: <log4net.Error>Exception during StringFormat: Input string was not in a correct format. <format>{0
{1}</format><args>{NullReferenceException: Object reference not set to an instance of an object, GameObjectManager.CreateCharacterObject (Entities.Character character)
GameObjectManager.OnCharacterEnter (Entities.Character cha)
Managers.CharacterManager.AddCharacter (SkillBridge.Message.NCharacterInfo cha)
Services.MapService.OnMapCharacterEnter (System.Object sender, SkillBridge.Message.MapCharacterEnterResponse response)
Network.MessageDistributer`1[System.Object].RaiseEvent[MapCharacterEnterResponse] (System.Object sender, SkillBridge.Message.MapCharacterEnterResponse msg)
}</args></log4net.Error>
2025-03-20 23:09:21,397 [ 1] INFO  Unity: OnMapCharacterEnter:Map:1 Count:2
2025-03-20 23:09:21,397 [ 1] INFO  Unity: AddCharacter:5:大贝塔 Map:1 Entity:(0:pos:(5000,4000,820),dir:(100,0,0),spd:0
2025-03-20 23:09:21,398 [ 1] ERROR Unity: Message handler exception:, Object reference not set to an instance of an object, Assembly-CSharp,   at GameObjectManager.CreateCharacterObject (Entities.Character character) [0x00000] in <filename unknown>:0 
  at GameObjectManager.OnCharacterEnter (Entities.Character cha) [0x00000] in <filename unknown>:0 
  at Managers.CharacterManager.AddCharacter (SkillBridge.Message.NCharacterInfo cha) [0x00000] in <filename unknown>:0 
  at Services.MapService.OnMapCharacterEnter (System.Object sender, SkillBridge.Message.MapCharacterEnterResponse response) [0x00000] in <filename unknown>:0 
  at Network.MessageDistributer`1[System.Object].RaiseEvent[MapCharacterEnterResponse] (System.Object sender, SkillBridge.Message.MapCharacterEnterResponse msg) [0x00000] in <filename unknown>:0 
2025-03-20 23:09:21,398 [ 1] FATAL Unity: <log4net.Error>Exception during StringFormat: Input string was not in a correct format. <format>{0
{1}</format><args>{NullReferenceException: Object reference not set to an instance of an object, GameObjectManager.CreateCharacterObject (Entities.Character character)
GameObjectManager.OnCharacterEnter (Entities.Character cha)
Managers.CharacterManager.AddCharacter (SkillBridge.Message.NCharacterInfo cha)
Services.MapService.OnMapCharacterEnter (System.Object sender, SkillBridge.Message.MapCharacterEnterResponse response)
Network.MessageDistributer`1[System.Object].RaiseEvent[MapCharacterEnterResponse] (System.Object sender, SkillBridge.Message.MapCharacterEnterResponse msg)
}</args></log4net.Error>
2025-03-20 23:09:23,298 [ 1] INFO  Unity: OnDestroy NetworkManager.
2025-03-20 23:09:23,300 [ 1] WARN  Unity: CloseConnection(), errorCode: 1007

