2025-03-21 16:45:33,980 [ 1] INFO  Unity: LoadingManager start
2025-03-21 16:45:36,998 [ 1] INFO  Unity: DataManager > DataManager()
2025-03-21 16:45:50,212 [ 1] INFO  Unity: UserLoginRequest::user :3meng psw:123123
2025-03-21 16:45:50,212 [ 1] INFO  Unity: ConnectToServer() Start 
2025-03-21 16:45:50,214 [ 1] INFO  Unity: DoConnect
2025-03-21 16:45:50,215 [ 1] INFO  Unity: NetClient.DoConnect on 127.0.0.1:8000
2025-03-21 16:45:50,216 [ 1] INFO  Unity: Connect[0] to server 127.0.0.1:8000

2025-03-21 16:45:50,220 [ 1] INFO  Unity: LoadingMesager::OnGameServerConnect :0 reason:Success
2025-03-21 16:45:50,273 [ 1] INFO  Unity: OnLogin:Success [None]
2025-03-21 16:45:50,274 [ 1] INFO  Unity: LoadLevel: CharSelect
2025-03-21 16:45:50,363 [ 1] INFO  Unity: LevelLoadCompleted:1
2025-03-21 16:45:51,633 [ 1] INFO  Unity: Select Char:[2]达柔帮[Archer]
2025-03-21 16:45:52,348 [ 1] INFO  Unity: UserGameEnterRequest::characterId :0
2025-03-21 16:45:52,361 [ 1] INFO  Unity: OnGameEnter:Success [None]
2025-03-21 16:45:52,362 [ 1] INFO  Unity: OnMapCharacterEnter:Map:1 Count:2
2025-03-21 16:45:52,362 [ 1] INFO  Unity: AddCharacter:2:达柔帮 Map:1 Entity:(2:pos:(5000,4000,820),dir:(100,0,0),spd:0
2025-03-21 16:45:52,363 [ 1] INFO  Unity: AddCharacter:12:完颜慧德 Map:1 Entity:(1:pos:(5000,4000,820),dir:(100,0,0),spd:0
2025-03-21 16:45:52,364 [ 1] INFO  Unity: LoadLevel: MainCity
2025-03-21 16:45:52,546 [ 1] INFO  Unity: LevelLoadCompleted:1
2025-03-21 16:45:52,548 [ 1] FATAL Unity: <log4net.Error>Exception during StringFormat: Input string was not in a correct format. <format>{0
{1}</format><args>{NullReferenceException: Object reference not set to an instance of an object, UIMiniMap.InitMap ()
UIMiniMap.Start ()
}</args></log4net.Error>
2025-03-21 16:45:53,366 [ 1] INFO  Unity: MoveForward
2025-03-21 16:45:53,966 [ 1] INFO  Unity: SetDirection:(98, -18, 0)
2025-03-21 16:45:54,072 [ 1] INFO  Unity: SetDirection:(93, -36, 0)
2025-03-21 16:45:54,148 [ 1] INFO  Unity: SetDirection:(86, -52, 0)
2025-03-21 16:45:54,232 [ 1] INFO  Unity: Stop
2025-03-21 16:45:54,232 [ 1] INFO  Unity: SetDirection:(75, -66, 0)
2025-03-21 16:45:54,336 [ 1] INFO  Unity: SetDirection:(60, -80, 0)
2025-03-21 16:45:54,414 [ 1] INFO  Unity: SetDirection:(45, -89, 0)
2025-03-21 16:45:54,497 [ 1] INFO  Unity: SetDirection:(29, -96, 0)
2025-03-21 16:45:54,566 [ 1] INFO  Unity: MoveForward
2025-03-21 16:45:54,584 [ 1] INFO  Unity: SetDirection:(12, -99, 0)
2025-03-21 16:45:54,668 [ 1] INFO  Unity: SetDirection:(-6, -100, 0)
2025-03-21 16:45:54,767 [ 1] INFO  Unity: SetDirection:(-26, -97, 0)
2025-03-21 16:45:54,851 [ 1] INFO  Unity: SetDirection:(-43, -90, 0)
2025-03-21 16:45:55,183 [ 1] INFO  Unity: SetDirection:(-24, -97, 0)
2025-03-21 16:45:55,288 [ 1] INFO  Unity: SetDirection:(-4, -100, 0)
2025-03-21 16:45:55,366 [ 1] INFO  Unity: SetDirection:(14, -99, 0)
2025-03-21 16:45:55,384 [ 1] INFO  Unity: Stop
2025-03-21 16:45:55,468 [ 1] INFO  Unity: SetDirection:(34, -94, 0)
2025-03-21 16:45:55,542 [ 1] INFO  Unity: MoveForward
2025-03-21 16:45:55,570 [ 1] INFO  Unity: SetDirection:(53, -85, 0)
2025-03-21 16:45:55,670 [ 1] INFO  Unity: SetDirection:(69, -73, 0)
2025-03-21 16:45:56,135 [ 1] INFO  Unity: SetDirection:(52, -85, 0)
2025-03-21 16:45:56,238 [ 1] INFO  Unity: SetDirection:(34, -94, 0)
2025-03-21 16:45:56,318 [ 1] INFO  Unity: SetDirection:(17, -99, 0)
2025-03-21 16:45:56,571 [ 1] INFO  Unity: SetDirection:(36, -93, 0)
2025-03-21 16:45:56,856 [ 1] INFO  Unity: Stop
2025-03-21 16:45:59,343 [ 1] ERROR Unity: OnMapCharacterLeave: CharID 12

2025-03-21 16:45:59,343 [ 1] INFO  Unity: RemoveCharacter:12
2025-03-21 16:46:04,443 [ 1] INFO  Unity: OnMapCharacterEnter:Map:1 Count:1
2025-03-21 16:46:04,443 [ 1] INFO  Unity: AddCharacter:12:完颜慧德 Map:1 Entity:(3:pos:(5000,4000,820),dir:(100,0,0),spd:0
2025-03-21 16:46:05,461 [ 1] INFO  Unity: OnMapCharacterEnter:Map:1 Count:1
2025-03-21 16:46:05,461 [ 1] INFO  Unity: AddCharacter:12:完颜慧德 Map:1 Entity:(4:pos:(5000,4000,820),dir:(100,0,0),spd:0
2025-03-21 16:46:08,068 [ 1] INFO  Unity: OnMapCharacterEnter:Map:1 Count:1
2025-03-21 16:46:08,068 [ 1] INFO  Unity: AddCharacter:12:完颜慧德 Map:1 Entity:(5:pos:(5000,4000,820),dir:(100,0,0),spd:0
2025-03-21 16:46:08,338 [ 1] INFO  Unity: OnMapCharacterEnter:Map:1 Count:1
2025-03-21 16:46:08,338 [ 1] INFO  Unity: AddCharacter:12:完颜慧德 Map:1 Entity:(6:pos:(5000,4000,820),dir:(100,0,0),spd:0
2025-03-21 16:46:08,562 [ 1] INFO  Unity: OnMapCharacterEnter:Map:1 Count:1
2025-03-21 16:46:08,563 [ 1] INFO  Unity: AddCharacter:12:完颜慧德 Map:1 Entity:(7:pos:(5000,4000,820),dir:(100,0,0),spd:0
2025-03-21 16:49:01,202 [ 1] INFO  Unity: ProcessReceive exception:System.Net.Sockets.SocketException: 远程主机强迫关闭了一个现有的连接。

  at System.Net.Sockets.Socket.Receive (System.Byte[] buffer, Int32 offset, Int32 size, SocketFlags flags) [0x00000] in <filename unknown>:0 
  at Network.NetClient.ProcessRecv () [0x00000] in <filename unknown>:0 

2025-03-21 16:49:01,203 [ 1] WARN  Unity: CloseConnection(), errorCode: 1001

2025-03-21 16:49:01,206 [ 1] INFO  Unity: DoConnect
2025-03-21 16:49:01,206 [ 1] INFO  Unity: NetClient.DoConnect on 127.0.0.1:8000
2025-03-21 16:49:01,207 [ 1] INFO  Unity: Connect[0] to server 127.0.0.1:8000

2025-03-21 16:49:03,224 [ 1] WARN  Unity: CloseConnection(), errorCode: 1005

2025-03-21 16:49:03,224 [ 1] ERROR Unity: DoConnect SocketException:[10061,ConnectionRefused,10061]System.Net.Sockets.SocketException: 由于目标计算机积极拒绝，无法连接。

  at System.Net.Sockets.Socket.Connect (System.Net.EndPoint remoteEP, Boolean requireSocketPolicy) [0x00000] in <filename unknown>:0 
  at System.Net.Sockets.Socket+Worker.Connect () [0x00000] in <filename unknown>:0  

2025-03-21 16:49:03,231 [ 1] INFO  Unity: DoConnect
2025-03-21 16:49:03,231 [ 1] INFO  Unity: NetClient.DoConnect on 127.0.0.1:8000
2025-03-21 16:49:03,231 [ 1] INFO  Unity: Connect[1] to server 127.0.0.1:8000

2025-03-21 16:49:05,253 [ 1] WARN  Unity: CloseConnection(), errorCode: 1005

2025-03-21 16:49:05,253 [ 1] ERROR Unity: DoConnect SocketException:[10061,ConnectionRefused,10061]System.Net.Sockets.SocketException: 由于目标计算机积极拒绝，无法连接。

  at System.Net.Sockets.Socket.Connect (System.Net.EndPoint remoteEP, Boolean requireSocketPolicy) [0x00000] in <filename unknown>:0 
  at System.Net.Sockets.Socket+Worker.Connect () [0x00000] in <filename unknown>:0  

2025-03-21 16:49:05,258 [ 1] INFO  Unity: DoConnect
2025-03-21 16:49:05,258 [ 1] INFO  Unity: NetClient.DoConnect on 127.0.0.1:8000
2025-03-21 16:49:05,258 [ 1] INFO  Unity: Connect[2] to server 127.0.0.1:8000

2025-03-21 16:49:07,300 [ 1] WARN  Unity: CloseConnection(), errorCode: 1005

2025-03-21 16:49:07,300 [ 1] ERROR Unity: DoConnect SocketException:[10061,ConnectionRefused,10061]System.Net.Sockets.SocketException: 由于目标计算机积极拒绝，无法连接。

  at System.Net.Sockets.Socket.Connect (System.Net.EndPoint remoteEP, Boolean requireSocketPolicy) [0x00000] in <filename unknown>:0 
  at System.Net.Sockets.Socket+Worker.Connect () [0x00000] in <filename unknown>:0  

2025-03-21 16:49:07,300 [ 1] INFO  Unity: LoadingMesager::OnGameServerConnect :1 reason:Cannot connect to server
2025-03-21 17:47:15,837 [ 1] INFO  Unity: Character_2_达柔帮 OnDestroy :ID:2 POS:(5394, 3369, 820) DIR:(36, -93, 0) SPD:0 
2025-03-21 17:47:15,838 [ 1] INFO  Unity: Character_1_完颜慧德 OnDestroy :ID:1 POS:(5000, 4000, 820) DIR:(100, 0, 0) SPD:0 
2025-03-21 17:47:15,838 [ 1] INFO  Unity: Character_3_完颜慧德 OnDestroy :ID:3 POS:(5000, 4000, 820) DIR:(100, 0, 0) SPD:0 
2025-03-21 17:47:15,838 [ 1] INFO  Unity: Character_4_完颜慧德 OnDestroy :ID:4 POS:(5000, 4000, 820) DIR:(100, 0, 0) SPD:0 
2025-03-21 17:47:15,838 [ 1] INFO  Unity: Character_5_完颜慧德 OnDestroy :ID:5 POS:(5000, 4000, 820) DIR:(100, 0, 0) SPD:0 
2025-03-21 17:47:15,838 [ 1] INFO  Unity: Character_6_完颜慧德 OnDestroy :ID:6 POS:(5000, 4000, 820) DIR:(100, 0, 0) SPD:0 
2025-03-21 17:47:15,838 [ 1] INFO  Unity: Character_7_完颜慧德 OnDestroy :ID:7 POS:(5000, 4000, 820) DIR:(100, 0, 0) SPD:0 
2025-03-21 17:47:15,840 [ 1] INFO  Unity: OnDestroy NetworkManager.
2025-03-21 17:47:15,840 [ 1] WARN  Unity: CloseConnection(), errorCode: 1007

