2025-04-28 18:23:21,428 [ 1] INFO  Unity: LoadingManager start
2025-04-28 18:23:24,507 [ 1] INFO  Unity: DataManager > DataManager()
2025-04-28 18:23:34,496 [ 1] INFO  Unity: UserLoginRequest::user :linggangu psw:123123
2025-04-28 18:23:34,497 [ 1] INFO  Unity: ConnectToServer() Start 
2025-04-28 18:23:34,498 [ 1] INFO  Unity: DoConnect
2025-04-28 18:23:34,500 [ 1] INFO  Unity: NetClient.DoConnect on 127.0.0.1:8000
2025-04-28 18:23:34,502 [ 1] INFO  Unity: Connect[0] to server 127.0.0.1:8000

2025-04-28 18:23:34,505 [ 1] INFO  Unity: LoadingMesager::OnGameServerConnect :0 reason:Success
2025-04-28 18:23:34,613 [ 1] INFO  Unity: OnLogin:Success [None]
2025-04-28 18:23:34,614 [ 1] INFO  Unity: LoadLevel: CharSelect
2025-04-28 18:23:34,851 [ 1] INFO  Unity: LevelLoadCompleted:1
2025-04-28 18:23:40,296 [ 1] INFO  Unity: Select Char:[2]灵感菇[Wizard]
2025-04-28 18:23:40,868 [ 1] INFO  Unity: UserGameEnterRequest::characterId :0
2025-04-28 18:23:40,898 [ 1] INFO  Unity: OnGameEnter:Success [None]
2025-04-28 18:23:40,899 [ 1] INFO  Unity: ItemManager:Init[Id:1,Count:20]
2025-04-28 18:23:40,900 [ 1] INFO  Unity: ItemManager:Init[Id:2,Count:20]
2025-04-28 18:23:40,915 [ 1] INFO  Unity: OnMapCharacterEnter:Map:1 Count:2
2025-04-28 18:23:40,916 [ 1] INFO  Unity: AddCharacter:1:谁是我的MR.Q Map:1 Entity:(9:pos:(5000,4000,820),dir:(100,0,0),spd:0
2025-04-28 18:23:40,919 [ 1] INFO  Unity: AddCharacter:2:灵感菇 Map:1 Entity:(10:pos:(5000,4000,820),dir:(100,0,0),spd:0
2025-04-28 18:23:40,920 [ 1] INFO  Unity: LoadLevel: MainCity
2025-04-28 18:23:40,921 [ 1] INFO  Unity: OnFriendList
2025-04-28 18:23:42,191 [ 1] WARN  Unity: Asset 'DeliveryNpc': Transition 'DeliveryNPC_Talk -> DeliveryNPC_Idle' in state 'DeliveryNPC_Talk' doesn't have an Exit Time or any condition, transition will be ignored

2025-04-28 18:23:42,192 [ 1] WARN  Unity: Asset 'Treasure_Poter': Transition 'Treasure_poter_Talk -> Treasure_poter_IdleA' in state 'Treasure_poter_Talk' doesn't have an Exit Time or any condition, transition will be ignored

2025-04-28 18:23:42,266 [ 1] INFO  Unity: LevelLoadCompleted:1
2025-04-28 18:23:42,398 [ 1] INFO  Unity: SetPosition:(5000, 4000, 900)
2025-04-28 18:23:42,399 [ 1] INFO  Unity: SendMapEntityUpdateRequest: ID:10  POS:SkillBridge.Message.NVector3 DIR:SkillBridge.Message.NVector3 SPRD:0 
2025-04-28 18:23:42,429 [ 1] INFO  Unity: SetPosition:(5000, 4000, 972)
2025-04-28 18:23:42,429 [ 1] INFO  Unity: SendMapEntityUpdateRequest: ID:10  POS:SkillBridge.Message.NVector3 DIR:SkillBridge.Message.NVector3 SPRD:0 
2025-04-28 18:23:42,849 [ 1] INFO  Unity: MoveForward
2025-04-28 18:23:42,850 [ 1] INFO  Unity: SendMapEntityUpdateRequest: ID:10  POS:SkillBridge.Message.NVector3 DIR:SkillBridge.Message.NVector3 SPRD:300 
2025-04-28 18:23:43,252 [ 1] INFO  Unity: SetPosition:(5115, 4000, 913)
2025-04-28 18:23:43,252 [ 1] INFO  Unity: SendMapEntityUpdateRequest: ID:10  POS:SkillBridge.Message.NVector3 DIR:SkillBridge.Message.NVector3 SPRD:300 
2025-04-28 18:23:43,336 [ 1] INFO  Unity: SetPosition:(5141, 4000, 858)
2025-04-28 18:23:43,338 [ 1] INFO  Unity: SendMapEntityUpdateRequest: ID:10  POS:SkillBridge.Message.NVector3 DIR:SkillBridge.Message.NVector3 SPRD:300 
2025-04-28 18:23:43,419 [ 1] INFO  Unity: SetPosition:(5167, 4000, 796)
2025-04-28 18:23:43,420 [ 1] INFO  Unity: SendMapEntityUpdateRequest: ID:10  POS:SkillBridge.Message.NVector3 DIR:SkillBridge.Message.NVector3 SPRD:300 
2025-04-28 18:23:43,582 [ 1] INFO  Unity: Stop
2025-04-28 18:23:43,583 [ 1] INFO  Unity: SendMapEntityUpdateRequest: ID:10  POS:SkillBridge.Message.NVector3 DIR:SkillBridge.Message.NVector3 SPRD:0 
2025-04-28 18:23:44,946 [ 1] INFO  Unity: OnEntityChaged: ID:9 POS:(5000, 4000, 820) DIR:(100, 0, 0) SPD:300
2025-04-28 18:23:44,947 [ 1] INFO  Unity: MapEntityUpDateResponse: Entity:1
 [9]evt:MoveFwd entity:(9:pos:(5000,4000,820),dir:(100,0,0),spd:300

2025-04-28 18:23:45,463 [ 1] INFO  Unity: OnEntityChaged: ID:9 POS:(5130, 4000, 874) DIR:(100, 0, 0) SPD:300
2025-04-28 18:23:45,464 [ 1] INFO  Unity: MapEntityUpDateResponse: Entity:1
 [9]evt:None entity:(9:pos:(5130,4000,874),dir:(100,0,0),spd:300

2025-04-28 18:23:45,510 [ 1] INFO  Unity: OnEntityChaged: ID:9 POS:(5145, 4000, 874) DIR:(100, 0, 0) SPD:0
2025-04-28 18:23:45,511 [ 1] INFO  Unity: MapEntityUpDateResponse: Entity:1
 [9]evt:Idle entity:(9:pos:(5145,4000,874),dir:(100,0,0),spd:0

2025-04-28 18:23:45,547 [ 1] INFO  Unity: OnEntityChaged: ID:9 POS:(5145, 4000, 874) DIR:(98, -19, 0) SPD:0
2025-04-28 18:23:45,548 [ 1] INFO  Unity: MapEntityUpDateResponse: Entity:1
 [9]evt:None entity:(9:pos:(5145,4000,874),dir:(98,-19,0),spd:0

2025-04-28 18:23:45,644 [ 1] INFO  Unity: OnEntityChaged: ID:9 POS:(5145, 4000, 874) DIR:(93, -38, 0) SPD:0
2025-04-28 18:23:45,645 [ 1] INFO  Unity: MapEntityUpDateResponse: Entity:1
 [9]evt:None entity:(9:pos:(5145,4000,874),dir:(93,-38,0),spd:0

2025-04-28 18:23:45,751 [ 1] INFO  Unity: OnEntityChaged: ID:9 POS:(5145, 4000, 874) DIR:(83, -56, 0) SPD:0
2025-04-28 18:23:45,751 [ 1] INFO  Unity: MapEntityUpDateResponse: Entity:1
 [9]evt:None entity:(9:pos:(5145,4000,874),dir:(83,-56,0),spd:0

2025-04-28 18:23:45,830 [ 1] INFO  Unity: OnEntityChaged: ID:9 POS:(5145, 4000, 874) DIR:(72, -70, 0) SPD:0
2025-04-28 18:23:45,830 [ 1] INFO  Unity: MapEntityUpDateResponse: Entity:1
 [9]evt:None entity:(9:pos:(5145,4000,874),dir:(72,-70,0),spd:0

2025-04-28 18:23:45,886 [ 1] INFO  Unity: OnEntityChaged: ID:9 POS:(5123, 4000, 824) DIR:(72, -70, 0) SPD:0
2025-04-28 18:23:45,887 [ 1] INFO  Unity: MapEntityUpDateResponse: Entity:1
 [9]evt:None entity:(9:pos:(5123,4000,824),dir:(72,-70,0),spd:0

2025-04-28 18:23:45,931 [ 1] INFO  Unity: OnEntityChaged: ID:9 POS:(5123, 4000, 824) DIR:(56, -83, 0) SPD:0
2025-04-28 18:23:45,931 [ 1] INFO  Unity: MapEntityUpDateResponse: Entity:1
 [9]evt:None entity:(9:pos:(5123,4000,824),dir:(56,-83,0),spd:0

2025-04-28 18:23:46,009 [ 1] INFO  Unity: OnEntityChaged: ID:9 POS:(5123, 4000, 824) DIR:(41, -91, 0) SPD:0
2025-04-28 18:23:46,011 [ 1] INFO  Unity: MapEntityUpDateResponse: Entity:1
 [9]evt:None entity:(9:pos:(5123,4000,824),dir:(41,-91,0),spd:0

2025-04-28 18:23:46,096 [ 1] INFO  Unity: OnEntityChaged: ID:9 POS:(5123, 4000, 824) DIR:(24, -97, 0) SPD:0
2025-04-28 18:23:46,097 [ 1] INFO  Unity: MapEntityUpDateResponse: Entity:1
 [9]evt:None entity:(9:pos:(5123,4000,824),dir:(24,-97,0),spd:0

2025-04-28 18:23:46,195 [ 1] INFO  Unity: OnEntityChaged: ID:9 POS:(5123, 4000, 824) DIR:(3, -100, 0) SPD:0
2025-04-28 18:23:46,196 [ 1] INFO  Unity: MapEntityUpDateResponse: Entity:1
 [9]evt:None entity:(9:pos:(5123,4000,824),dir:(3,-100,0),spd:0

2025-04-28 18:23:46,315 [ 1] INFO  Unity: OnEntityChaged: ID:9 POS:(5123, 4000, 824) DIR:(-16, -99, 0) SPD:0
2025-04-28 18:23:46,316 [ 1] INFO  Unity: MapEntityUpDateResponse: Entity:1
 [9]evt:None entity:(9:pos:(5123,4000,824),dir:(-16,-99,0),spd:0

2025-04-28 18:23:51,573 [ 1] INFO  Unity: SendTeamInviteResponse
2025-04-28 18:23:51,608 [ 1] INFO  Unity: OnFriendList
2025-04-28 18:23:51,637 [ 1] INFO  Unity: OnFriendList
2025-04-28 18:23:57,097 [ 1] INFO  Unity: OnDestroy NetworkManager.
2025-04-28 18:23:57,097 [ 1] WARN  Unity: CloseConnection(), errorCode: 1007
UnityEngine.Debug:LogWarning(Object)
Network.NetClient:CloseConnection(Int32) (at Assets/Scripts/Network/NetClient.cs:181)
Network.NetClient:OnDestroy() (at Assets/Scripts/Network/NetClient.cs:176)

2025-04-28 18:23:57,102 [ 1] INFO  Unity: Character_1_谁是我的MR.Q OnDestroy :ID:9 POS:(5123, 4000, 824) DIR:(-16, -99, 0) SPD:0 
2025-04-28 18:23:57,103 [ 1] INFO  Unity: Character_2_灵感菇 OnDestroy :ID:10 POS:(5217, 4000, 796) DIR:(100, 0, 0) SPD:0 
